=== DOWNLOAD START Thu Jul  9 14:24:11 PDT 2026 ===
Downloading 1228 images with count=1
  [200/1228]
  [400/1228]
  [600/1228]
  [800/1228]
  [1000/1228]
  [1200/1228]
Downloading 2299 images with count=2
  [200/2299]
  [400/2299]
  [600/2299]
  [800/2299]
  [1000/2299]
  [1200/2299]
  [1400/2299]
  [1600/2299]
  [1800/2299]
  [2000/2299]
  [2200/2299]
Downloading 2666 images with count=3
  [200/2666]
  [400/2666]
  [600/2666]
  [800/2666]
  [1000/2666]
  [1200/2666]
  [1400/2666]
  [1600/2666]
  [1800/2666]
  [2000/2666]
  [2200/2666]
  [2400/2666]
  [2600/2666]
Downloading 2373 images with count=4
  [200/2373]
  [400/2373]
  [600/2373]
  [800/2373]
  [1000/2373]
  [1200/2373]
  [1400/2373]
  [1600/2373]
  [1800/2373]
  [2000/2373]
  [2200/2373]
Downloading 1875 images with count=5
  [200/1875]
  [400/1875]
  [600/1875]
  [800/1875]
  [1000/1875]
  [1200/1875]
  [1400/1875]
  [1600/1875]
  [1800/1875]
Done. 10441 images under data\raw
=== DOWNLOAD DONE Thu Jul  9 15:13:14 PDT 2026 ===
Wrote 10441 rows to data/processed/manifest.csv -- {'train': 8352, 'val': 1044, 'test': 1045}
=== MANIFEST DONE Thu Jul  9 15:14:24 PDT 2026 ===
wandb: [wandb.login()] Loaded credentials for https://api.wandb.ai from WANDB_API_KEY.
wandb: W&B API key is configured. Use `wandb login --relogin` to force relogin
wandb: setting up run gyat5xfb
wandb: Tracking run with wandb version 0.28.0
wandb: Run data is saved locally in C:\Users\GAMING\cv-logistics-mlops\wandb\run-20260709_151437-gyat5xfb
wandb: Run `wandb offline` to turn off syncing.
wandb: Syncing run full_run_v1
wandb:  View project at https://wandb.ai/evgeniimatveevusa-mlops/cv-logistics-bin-count
wandb:  View run at https://wandb.ai/evgeniimatveevusa-mlops/cv-logistics-bin-count/runs/gyat5xfb
2026/07/09 16:05:10 INFO mlflow.utils.uv_utils: Detected uv project: found uv.lock and pyproject.toml in C:\Users\GAMING\cv-logistics-mlops
2026/07/09 16:05:11 WARNING mlflow.pytorch: Saving pytorch model by Pickle or CloudPickle format requires exercising caution because these formats rely on Python's object serialization mechanism, which can execute arbitrary code during deserialization. The recommended safe alternative is to set `serialization_format` to 'pt2' to save the PyTorch model using the safe graph model format.
2026/07/09 16:05:11 INFO mlflow.utils.uv_utils: Detected uv project: found uv.lock and pyproject.toml in C:\Users\GAMING\cv-logistics-mlops
2026/07/09 16:05:11 INFO mlflow.utils.environment: Detected uv project at C:\Users\GAMING\cv-logistics-mlops. Attempting to export requirements via 'uv export'.
2026/07/09 16:05:11 INFO mlflow.utils.uv_utils: Exported 131 dependencies via uv
2026/07/09 16:05:11 INFO mlflow.utils.environment: Successfully exported 131 requirements from uv project. Skipping package capture based inference.
2026/07/09 16:05:12 WARNING mlflow.utils.environment: Failed to resolve installed pip version. ``pip`` will be added to conda.yaml environment spec without a version specifier.
2026/07/09 16:05:13 INFO mlflow.models.model: Found the following environment variables used during model inference: [WANDB_API_KEY]. Please check if you need to set them when deploying the model. To disable this message, set environment variable `MLFLOW_RECORD_ENV_VARS_IN_MODEL_LOGGING` to `false`.
wandb: uploading history steps 8-8, summary, console lines 9-15; updating run metadata
wandb: uploading history steps 8-8, summary, console lines 9-15
wandb: uploading history steps 9-9, summary, console lines 16-19
wandb: 
wandb: Run history:
wandb: train_accuracy ▁▅▆▆▇▇▇███
wandb:     train_loss █▄▃▃▂▂▂▂▁▁
wandb:   val_accuracy ▄▄▁▃▃▆▂█▂▇
wandb:       val_loss ▃▂▂▃▃▁█▁▃▄
wandb:        val_mae ▂▃▆▆█▅▆▄▄▁
wandb: 
wandb: Run summary:
wandb: train_accuracy 0.35991
wandb:     train_loss 1.41927
wandb:   val_accuracy 0.32184
wandb:       val_loss 1.48375
wandb:        val_mae 0.94923
wandb: 
wandb:  View run full_run_v1 at: https://wandb.ai/evgeniimatveevusa-mlops/cv-logistics-bin-count/runs/gyat5xfb
wandb:  View project at: https://wandb.ai/evgeniimatveevusa-mlops/cv-logistics-bin-count
wandb: Synced 5 W&B file(s), 0 media file(s), 0 artifact file(s) and 0 other file(s)
wandb: Find logs at: .\wandb\run-20260709_151437-gyat5xfb\logs
epoch 1/10 train_loss=1.5341 val_loss=1.4804 val_acc=0.309 val_mae=0.976
epoch 2/10 train_loss=1.4731 val_loss=1.4724 val_acc=0.312 val_mae=0.986
epoch 3/10 train_loss=1.4496 val_loss=1.4725 val_acc=0.299 val_mae=1.045
epoch 4/10 train_loss=1.4489 val_loss=1.4821 val_acc=0.307 val_mae=1.053
epoch 5/10 train_loss=1.4287 val_loss=1.4814 val_acc=0.307 val_mae=1.082
epoch 6/10 train_loss=1.4332 val_loss=1.4652 val_acc=0.321 val_mae=1.024
epoch 7/10 train_loss=1.4307 val_loss=1.5131 val_acc=0.303 val_mae=1.044
epoch 8/10 train_loss=1.4280 val_loss=1.4682 val_acc=0.328 val_mae=1.004
epoch 9/10 train_loss=1.4221 val_loss=1.4803 val_acc=0.304 val_mae=1.008
epoch 10/10 train_loss=1.4193 val_loss=1.4837 val_acc=0.322 val_mae=0.949
🏃 View run full_run_v1 at: http://127.0.0.1:5000/#/experiments/4/runs/e16503f724d34e88bd33352d72e8095a
🧪 View experiment at: http://127.0.0.1:5000/#/experiments/4
Finished. best_val_loss=1.4652
=== TRAINING DONE Thu Jul  9 16:05:23 PDT 2026 ===
